[0.012s] Invoking command in '/home/sonny/Desktop/Workspace/porter_bot_description/build/porter_bot_description': CMAKE_PREFIX_PATH=${CMAKE_PREFIX_PATH}:/opt/ros/foxy /usr/bin/cmake --build /home/sonny/Desktop/Workspace/porter_bot_description/build/porter_bot_description -- -j2 -l2
[0.065s] Invoked command in '/home/sonny/Desktop/Workspace/porter_bot_description/build/porter_bot_description' returned '0': CMAKE_PREFIX_PATH=${CMAKE_PREFIX_PATH}:/opt/ros/foxy /usr/bin/cmake --build /home/sonny/Desktop/Workspace/porter_bot_description/build/porter_bot_description -- -j2 -l2
[0.102s] Invoking command in '/home/sonny/Desktop/Workspace/porter_bot_description/build/porter_bot_description': CMAKE_PREFIX_PATH=${CMAKE_PREFIX_PATH}:/opt/ros/foxy /usr/bin/cmake --install /home/sonny/Desktop/Workspace/porter_bot_description/build/porter_bot_description
[0.113s] -- Install configuration: ""
[0.114s] -- Up-to-date: /home/sonny/Desktop/Workspace/porter_bot_description/install/porter_bot_description/share/porter_bot_description/src
[0.114s] -- Up-to-date: /home/sonny/Desktop/Workspace/porter_bot_description/install/porter_bot_description/share/porter_bot_description/src/description
[0.114s] -- Up-to-date: /home/sonny/Desktop/Workspace/porter_bot_description/install/porter_bot_description/share/porter_bot_description/src/description/porter_bot_description.urdf.bak
[0.114s] -- Installing: /home/sonny/Desktop/Workspace/porter_bot_description/install/porter_bot_description/share/porter_bot_description/src/description/porter_bot_description.urdf
[0.114s] -- Installing: /home/sonny/Desktop/Workspace/porter_bot_description/install/porter_bot_description/share/porter_bot_description/src/description/porter_bot_description.urdf~
[0.115s] -- Up-to-date: /home/sonny/Desktop/Workspace/porter_bot_description/install/porter_bot_description/share/porter_bot_description/launch
[0.116s] -- Up-to-date: /home/sonny/Desktop/Workspace/porter_bot_description/install/porter_bot_description/share/porter_bot_description/launch/build
[0.116s] -- Up-to-date: /home/sonny/Desktop/Workspace/porter_bot_description/install/porter_bot_description/share/porter_bot_description/launch/build/.built_by
[0.118s] -- Up-to-date: /home/sonny/Desktop/Workspace/porter_bot_description/install/porter_bot_description/share/porter_bot_description/launch/build/COLCON_IGNORE
[0.118s] -- Up-to-date: /home/sonny/Desktop/Workspace/porter_bot_description/install/porter_bot_description/share/porter_bot_description/launch/display.launch.py
[0.118s] -- Up-to-date: /home/sonny/Desktop/Workspace/porter_bot_description/install/porter_bot_description/share/porter_bot_description/launch/display.launch.py~
[0.119s] -- Up-to-date: /home/sonny/Desktop/Workspace/porter_bot_description/install/porter_bot_description/share/porter_bot_description/launch/log
[0.120s] -- Up-to-date: /home/sonny/Desktop/Workspace/porter_bot_description/install/porter_bot_description/share/porter_bot_description/launch/log/COLCON_IGNORE
[0.121s] -- Up-to-date: /home/sonny/Desktop/Workspace/porter_bot_description/install/porter_bot_description/share/porter_bot_description/launch/log/build_2021-09-30_13-51-00
[0.121s] -- Up-to-date: /home/sonny/Desktop/Workspace/porter_bot_description/install/porter_bot_description/share/porter_bot_description/launch/log/build_2021-09-30_13-51-00/logger_all.log
[0.121s] -- Up-to-date: /home/sonny/Desktop/Workspace/porter_bot_description/install/porter_bot_description/share/porter_bot_description/launch/log/build_2021-09-30_13-51-00/events.log
[0.121s] -- Up-to-date: /home/sonny/Desktop/Workspace/porter_bot_description/install/porter_bot_description/share/porter_bot_description/launch/log/latest
[0.133s] -- Up-to-date: /home/sonny/Desktop/Workspace/porter_bot_description/install/porter_bot_description/share/porter_bot_description/launch/log/latest_build
[0.134s] -- Up-to-date: /home/sonny/Desktop/Workspace/porter_bot_description/install/porter_bot_description/share/porter_bot_description/launch/install
[0.134s] -- Up-to-date: /home/sonny/Desktop/Workspace/porter_bot_description/install/porter_bot_description/share/porter_bot_description/launch/install/COLCON_IGNORE
[0.134s] -- Up-to-date: /home/sonny/Desktop/Workspace/porter_bot_description/install/porter_bot_description/share/porter_bot_description/launch/install/setup.ps1
[0.134s] -- Up-to-date: /home/sonny/Desktop/Workspace/porter_bot_description/install/porter_bot_description/share/porter_bot_description/launch/install/local_setup.bash
[0.134s] -- Up-to-date: /home/sonny/Desktop/Workspace/porter_bot_description/install/porter_bot_description/share/porter_bot_description/launch/install/_local_setup_util_sh.py
[0.134s] -- Up-to-date: /home/sonny/Desktop/Workspace/porter_bot_description/install/porter_bot_description/share/porter_bot_description/launch/install/.colcon_install_layout
[0.134s] -- Up-to-date: /home/sonny/Desktop/Workspace/porter_bot_description/install/porter_bot_description/share/porter_bot_description/launch/install/setup.zsh
[0.134s] -- Up-to-date: /home/sonny/Desktop/Workspace/porter_bot_description/install/porter_bot_description/share/porter_bot_description/launch/install/local_setup.sh
[0.134s] -- Up-to-date: /home/sonny/Desktop/Workspace/porter_bot_description/install/porter_bot_description/share/porter_bot_description/launch/install/local_setup.ps1
[0.135s] -- Up-to-date: /home/sonny/Desktop/Workspace/porter_bot_description/install/porter_bot_description/share/porter_bot_description/launch/install/local_setup.zsh
[0.135s] -- Up-to-date: /home/sonny/Desktop/Workspace/porter_bot_description/install/porter_bot_description/share/porter_bot_description/launch/install/_local_setup_util_ps1.py
[0.135s] -- Up-to-date: /home/sonny/Desktop/Workspace/porter_bot_description/install/porter_bot_description/share/porter_bot_description/launch/install/setup.sh
[0.135s] -- Up-to-date: /home/sonny/Desktop/Workspace/porter_bot_description/install/porter_bot_description/share/porter_bot_description/launch/install/setup.bash
[0.135s] -- Up-to-date: /home/sonny/Desktop/Workspace/porter_bot_description/install/porter_bot_description/share/porter_bot_description/rviz
[0.135s] -- Up-to-date: /home/sonny/Desktop/Workspace/porter_bot_description/install/porter_bot_description/share/porter_bot_description/rviz/urdf_config.rviz
[0.135s] -- Up-to-date: /home/sonny/Desktop/Workspace/porter_bot_description/install/porter_bot_description/share/ament_index/resource_index/package_run_dependencies/porter_bot_description
[0.135s] -- Up-to-date: /home/sonny/Desktop/Workspace/porter_bot_description/install/porter_bot_description/share/ament_index/resource_index/parent_prefix_path/porter_bot_description
[0.136s] -- Up-to-date: /home/sonny/Desktop/Workspace/porter_bot_description/install/porter_bot_description/share/porter_bot_description/environment/ament_prefix_path.sh
[0.136s] -- Up-to-date: /home/sonny/Desktop/Workspace/porter_bot_description/install/porter_bot_description/share/porter_bot_description/environment/ament_prefix_path.dsv
[0.136s] -- Up-to-date: /home/sonny/Desktop/Workspace/porter_bot_description/install/porter_bot_description/share/porter_bot_description/environment/path.sh
[0.136s] -- Up-to-date: /home/sonny/Desktop/Workspace/porter_bot_description/install/porter_bot_description/share/porter_bot_description/environment/path.dsv
[0.136s] -- Up-to-date: /home/sonny/Desktop/Workspace/porter_bot_description/install/porter_bot_description/share/porter_bot_description/local_setup.bash
[0.136s] -- Up-to-date: /home/sonny/Desktop/Workspace/porter_bot_description/install/porter_bot_description/share/porter_bot_description/local_setup.sh
[0.136s] -- Up-to-date: /home/sonny/Desktop/Workspace/porter_bot_description/install/porter_bot_description/share/porter_bot_description/local_setup.zsh
[0.136s] -- Up-to-date: /home/sonny/Desktop/Workspace/porter_bot_description/install/porter_bot_description/share/porter_bot_description/local_setup.dsv
[0.136s] -- Installing: /home/sonny/Desktop/Workspace/porter_bot_description/install/porter_bot_description/share/porter_bot_description/package.dsv
[0.136s] -- Up-to-date: /home/sonny/Desktop/Workspace/porter_bot_description/install/porter_bot_description/share/ament_index/resource_index/packages/porter_bot_description
[0.136s] -- Up-to-date: /home/sonny/Desktop/Workspace/porter_bot_description/install/porter_bot_description/share/porter_bot_description/cmake/porter_bot_descriptionConfig.cmake
[0.136s] -- Up-to-date: /home/sonny/Desktop/Workspace/porter_bot_description/install/porter_bot_description/share/porter_bot_description/cmake/porter_bot_descriptionConfig-version.cmake
[0.136s] -- Up-to-date: /home/sonny/Desktop/Workspace/porter_bot_description/install/porter_bot_description/share/porter_bot_description/package.xml
[0.136s] Invoked command in '/home/sonny/Desktop/Workspace/porter_bot_description/build/porter_bot_description' returned '0': CMAKE_PREFIX_PATH=${CMAKE_PREFIX_PATH}:/opt/ros/foxy /usr/bin/cmake --install /home/sonny/Desktop/Workspace/porter_bot_description/build/porter_bot_description
