-- Install configuration: ""
-- Up-to-date: /home/sonny/Desktop/Workspace/porter_bot_description/install/porter_bot_description/share/porter_bot_description/src
-- Up-to-date: /home/sonny/Desktop/Workspace/porter_bot_description/install/porter_bot_description/share/porter_bot_description/src/description
-- Up-to-date: /home/sonny/Desktop/Workspace/porter_bot_description/install/porter_bot_description/share/porter_bot_description/src/description/porter_bot_description.urdf
-- Up-to-date: /home/sonny/Desktop/Workspace/porter_bot_description/install/porter_bot_description/share/porter_bot_description/src/description/porter_bot_description.urdf~
-- Up-to-date: /home/sonny/Desktop/Workspace/porter_bot_description/install/porter_bot_description/share/porter_bot_description/launch
-- Installing: /home/sonny/Desktop/Workspace/porter_bot_description/install/porter_bot_description/share/porter_bot_description/launch/build
-- Installing: /home/sonny/Desktop/Workspace/porter_bot_description/install/porter_bot_description/share/porter_bot_description/launch/build/.built_by
-- Installing: /home/sonny/Desktop/Workspace/porter_bot_description/install/porter_bot_description/share/porter_bot_description/launch/build/COLCON_IGNORE
-- Installing: /home/sonny/Desktop/Workspace/porter_bot_description/install/porter_bot_description/share/porter_bot_description/launch/display.launch.py
-- Installing: /home/sonny/Desktop/Workspace/porter_bot_description/install/porter_bot_description/share/porter_bot_description/launch/display.launch.py~
-- Installing: /home/sonny/Desktop/Workspace/porter_bot_description/install/porter_bot_description/share/porter_bot_description/launch/log
-- Installing: /home/sonny/Desktop/Workspace/porter_bot_description/install/porter_bot_description/share/porter_bot_description/launch/log/COLCON_IGNORE
-- Installing: /home/sonny/Desktop/Workspace/porter_bot_description/install/porter_bot_description/share/porter_bot_description/launch/log/build_2021-09-30_13-51-00
-- Installing: /home/sonny/Desktop/Workspace/porter_bot_description/install/porter_bot_description/share/porter_bot_description/launch/log/build_2021-09-30_13-51-00/logger_all.log
-- Installing: /home/sonny/Desktop/Workspace/porter_bot_description/install/porter_bot_description/share/porter_bot_description/launch/log/build_2021-09-30_13-51-00/events.log
-- Installing: /home/sonny/Desktop/Workspace/porter_bot_description/install/porter_bot_description/share/porter_bot_description/launch/log/latest
-- Installing: /home/sonny/Desktop/Workspace/porter_bot_description/install/porter_bot_description/share/porter_bot_description/launch/log/latest_build
-- Installing: /home/sonny/Desktop/Workspace/porter_bot_description/install/porter_bot_description/share/porter_bot_description/launch/install
-- Installing: /home/sonny/Desktop/Workspace/porter_bot_description/install/porter_bot_description/share/porter_bot_description/launch/install/COLCON_IGNORE
-- Installing: /home/sonny/Desktop/Workspace/porter_bot_description/install/porter_bot_description/share/porter_bot_description/launch/install/setup.ps1
-- Installing: /home/sonny/Desktop/Workspace/porter_bot_description/install/porter_bot_description/share/porter_bot_description/launch/install/local_setup.bash
-- Installing: /home/sonny/Desktop/Workspace/porter_bot_description/install/porter_bot_description/share/porter_bot_description/launch/install/_local_setup_util_sh.py
-- Installing: /home/sonny/Desktop/Workspace/porter_bot_description/install/porter_bot_description/share/porter_bot_description/launch/install/.colcon_install_layout
-- Installing: /home/sonny/Desktop/Workspace/porter_bot_description/install/porter_bot_description/share/porter_bot_description/launch/install/setup.zsh
-- Installing: /home/sonny/Desktop/Workspace/porter_bot_description/install/porter_bot_description/share/porter_bot_description/launch/install/local_setup.sh
-- Installing: /home/sonny/Desktop/Workspace/porter_bot_description/install/porter_bot_description/share/porter_bot_description/launch/install/local_setup.ps1
-- Installing: /home/sonny/Desktop/Workspace/porter_bot_description/install/porter_bot_description/share/porter_bot_description/launch/install/local_setup.zsh
-- Installing: /home/sonny/Desktop/Workspace/porter_bot_description/install/porter_bot_description/share/porter_bot_description/launch/install/_local_setup_util_ps1.py
-- Installing: /home/sonny/Desktop/Workspace/porter_bot_description/install/porter_bot_description/share/porter_bot_description/launch/install/setup.sh
-- Installing: /home/sonny/Desktop/Workspace/porter_bot_description/install/porter_bot_description/share/porter_bot_description/launch/install/setup.bash
-- Up-to-date: /home/sonny/Desktop/Workspace/porter_bot_description/install/porter_bot_description/share/porter_bot_description/rviz
-- Up-to-date: /home/sonny/Desktop/Workspace/porter_bot_description/install/porter_bot_description/share/porter_bot_description/rviz/urdf_config.rviz
-- Up-to-date: /home/sonny/Desktop/Workspace/porter_bot_description/install/porter_bot_description/share/ament_index/resource_index/package_run_dependencies/porter_bot_description
-- Up-to-date: /home/sonny/Desktop/Workspace/porter_bot_description/install/porter_bot_description/share/ament_index/resource_index/parent_prefix_path/porter_bot_description
-- Up-to-date: /home/sonny/Desktop/Workspace/porter_bot_description/install/porter_bot_description/share/porter_bot_description/environment/ament_prefix_path.sh
-- Up-to-date: /home/sonny/Desktop/Workspace/porter_bot_description/install/porter_bot_description/share/porter_bot_description/environment/ament_prefix_path.dsv
-- Up-to-date: /home/sonny/Desktop/Workspace/porter_bot_description/install/porter_bot_description/share/porter_bot_description/environment/path.sh
-- Up-to-date: /home/sonny/Desktop/Workspace/porter_bot_description/install/porter_bot_description/share/porter_bot_description/environment/path.dsv
-- Up-to-date: /home/sonny/Desktop/Workspace/porter_bot_description/install/porter_bot_description/share/porter_bot_description/local_setup.bash
-- Up-to-date: /home/sonny/Desktop/Workspace/porter_bot_description/install/porter_bot_description/share/porter_bot_description/local_setup.sh
-- Up-to-date: /home/sonny/Desktop/Workspace/porter_bot_description/install/porter_bot_description/share/porter_bot_description/local_setup.zsh
-- Up-to-date: /home/sonny/Desktop/Workspace/porter_bot_description/install/porter_bot_description/share/porter_bot_description/local_setup.dsv
-- Up-to-date: /home/sonny/Desktop/Workspace/porter_bot_description/install/porter_bot_description/share/porter_bot_description/package.dsv
-- Up-to-date: /home/sonny/Desktop/Workspace/porter_bot_description/install/porter_bot_description/share/ament_index/resource_index/packages/porter_bot_description
-- Up-to-date: /home/sonny/Desktop/Workspace/porter_bot_description/install/porter_bot_description/share/porter_bot_description/cmake/porter_bot_descriptionConfig.cmake
-- Up-to-date: /home/sonny/Desktop/Workspace/porter_bot_description/install/porter_bot_description/share/porter_bot_description/cmake/porter_bot_descriptionConfig-version.cmake
-- Up-to-date: /home/sonny/Desktop/Workspace/porter_bot_description/install/porter_bot_description/share/porter_bot_description/package.xml
