[0.224s] DEBUG:colcon:Command line arguments: ['/usr/bin/colcon', 'build']
[0.224s] DEBUG:colcon:Parsed command line arguments: Namespace(ament_cmake_args=None, base_paths=['.'], build_base='build', catkin_cmake_args=None, catkin_skip_building_tests=False, cmake_args=None, cmake_clean_cache=False, cmake_clean_first=False, cmake_force_configure=False, cmake_target=None, cmake_target_skip_unavailable=False, continue_on_error=False, event_handlers=None, executor='parallel', ignore_user_meta=False, install_base='install', log_base=None, log_level=None, main=<bound method BuildVerb.main of <colcon_core.verb.build.BuildVerb object at 0x7f339e790d00>>, merge_install=False, metas=['./colcon.meta'], packages_above=None, packages_above_and_dependencies=None, packages_above_depth=None, packages_end=None, packages_ignore=None, packages_ignore_regex=None, packages_select=None, packages_select_build_failed=False, packages_select_by_dep=None, packages_select_regex=None, packages_select_test_failures=False, packages_skip=None, packages_skip_build_finished=False, packages_skip_by_dep=None, packages_skip_regex=None, packages_skip_test_passed=False, packages_skip_up_to=None, packages_start=None, packages_up_to=None, packages_up_to_regex=None, parallel_workers=2, paths=None, symlink_install=False, test_result_base=None, verb_extension=<colcon_core.verb.build.BuildVerb object at 0x7f339e790d00>, verb_name='build', verb_parser=<colcon_defaults.argument_parser.defaults.DefaultArgumentsDecorator object at 0x7f339e71b2b0>)
[0.230s] Level 1:colcon.colcon_core.package_discovery:discover_packages(colcon_meta) check parameters
[0.230s] Level 1:colcon.colcon_core.package_discovery:discover_packages(recursive) check parameters
[0.230s] Level 1:colcon.colcon_core.package_discovery:discover_packages(ignore) check parameters
[0.230s] Level 1:colcon.colcon_core.package_discovery:discover_packages(path) check parameters
[0.230s] Level 1:colcon.colcon_core.package_discovery:discover_packages(colcon_meta) discover
[0.230s] Level 1:colcon.colcon_core.package_discovery:discover_packages(recursive) discover
[0.230s] INFO:colcon.colcon_core.package_discovery:Crawling recursively for packages in '/home/sonny/Desktop/Workspace/porter_bot_description'
[0.231s] Level 1:colcon.colcon_core.package_identification:_identify(.) by extensions ['ignore', 'ignore_ament_install']
[0.231s] Level 1:colcon.colcon_core.package_identification:_identify(.) by extension 'ignore'
[0.231s] Level 1:colcon.colcon_core.package_identification:_identify(.) by extension 'ignore_ament_install'
[0.231s] Level 1:colcon.colcon_core.package_identification:_identify(.) by extensions ['colcon_pkg']
[0.231s] Level 1:colcon.colcon_core.package_identification:_identify(.) by extension 'colcon_pkg'
[0.231s] Level 1:colcon.colcon_core.package_identification:_identify(.) by extensions ['colcon_meta']
[0.231s] Level 1:colcon.colcon_core.package_identification:_identify(.) by extension 'colcon_meta'
[0.231s] Level 1:colcon.colcon_core.package_identification:_identify(.) by extensions ['ros']
[0.231s] Level 1:colcon.colcon_core.package_identification:_identify(.) by extension 'ros'
[0.246s] DEBUG:colcon.colcon_core.package_identification:Package '.' with type 'ros.ament_cmake' and name 'porter_bot_description'
[0.246s] Level 1:colcon.colcon_core.package_discovery:discover_packages(recursive) using defaults
[0.246s] Level 1:colcon.colcon_core.package_discovery:discover_packages(ignore) discover
[0.246s] Level 1:colcon.colcon_core.package_discovery:discover_packages(ignore) using defaults
[0.246s] Level 1:colcon.colcon_core.package_discovery:discover_packages(path) discover
[0.246s] Level 1:colcon.colcon_core.package_discovery:discover_packages(path) using defaults
[0.274s] Level 5:colcon.colcon_core.verb:set package 'porter_bot_description' build argument 'cmake_args' from command line to 'None'
[0.275s] Level 5:colcon.colcon_core.verb:set package 'porter_bot_description' build argument 'cmake_target' from command line to 'None'
[0.275s] Level 5:colcon.colcon_core.verb:set package 'porter_bot_description' build argument 'cmake_target_skip_unavailable' from command line to 'False'
[0.275s] Level 5:colcon.colcon_core.verb:set package 'porter_bot_description' build argument 'cmake_clean_cache' from command line to 'False'
[0.275s] Level 5:colcon.colcon_core.verb:set package 'porter_bot_description' build argument 'cmake_clean_first' from command line to 'False'
[0.275s] Level 5:colcon.colcon_core.verb:set package 'porter_bot_description' build argument 'cmake_force_configure' from command line to 'False'
[0.275s] Level 5:colcon.colcon_core.verb:set package 'porter_bot_description' build argument 'ament_cmake_args' from command line to 'None'
[0.275s] Level 5:colcon.colcon_core.verb:set package 'porter_bot_description' build argument 'catkin_cmake_args' from command line to 'None'
[0.275s] Level 5:colcon.colcon_core.verb:set package 'porter_bot_description' build argument 'catkin_skip_building_tests' from command line to 'False'
[0.275s] DEBUG:colcon.colcon_core.verb:Building package 'porter_bot_description' with the following arguments: {'ament_cmake_args': None, 'build_base': '/home/sonny/Desktop/Workspace/porter_bot_description/build/porter_bot_description', 'catkin_cmake_args': None, 'catkin_skip_building_tests': False, 'cmake_args': None, 'cmake_clean_cache': False, 'cmake_clean_first': False, 'cmake_force_configure': False, 'cmake_target': None, 'cmake_target_skip_unavailable': False, 'install_base': '/home/sonny/Desktop/Workspace/porter_bot_description/install/porter_bot_description', 'merge_install': False, 'path': '/home/sonny/Desktop/Workspace/porter_bot_description', 'symlink_install': False, 'test_result_base': None}
[0.275s] INFO:colcon.colcon_core.executor:Executing jobs using 'parallel' executor
[0.277s] DEBUG:colcon.colcon_parallel_executor.executor.parallel:run_until_complete
[0.278s] INFO:colcon.colcon_ros.task.ament_cmake.build:Building ROS package in '/home/sonny/Desktop/Workspace/porter_bot_description' with build type 'ament_cmake'
[0.278s] INFO:colcon.colcon_cmake.task.cmake.build:Building CMake package in '/home/sonny/Desktop/Workspace/porter_bot_description'
[0.280s] INFO:colcon.colcon_core.plugin_system:Skipping extension 'colcon_core.shell.bat': Not used on non-Windows systems
[0.280s] INFO:colcon.colcon_core.shell:Skip shell extension 'powershell' for command environment: Not usable outside of PowerShell
[0.281s] DEBUG:colcon.colcon_core.shell:Skip shell extension 'dsv' for command environment
[0.282s] DEBUG:colcon.colcon_core.shell:Ignoring prefix path '/opt/ros/foxy'
[0.299s] DEBUG:colcon.colcon_core.event_handler.log_command:Invoking command in '/home/sonny/Desktop/Workspace/porter_bot_description/build/porter_bot_description': CMAKE_PREFIX_PATH=${CMAKE_PREFIX_PATH}:/opt/ros/foxy /usr/bin/cmake --build /home/sonny/Desktop/Workspace/porter_bot_description/build/porter_bot_description -- -j2 -l2
[0.353s] DEBUG:colcon.colcon_core.event_handler.log_command:Invoked command in '/home/sonny/Desktop/Workspace/porter_bot_description/build/porter_bot_description' returned '0': CMAKE_PREFIX_PATH=${CMAKE_PREFIX_PATH}:/opt/ros/foxy /usr/bin/cmake --build /home/sonny/Desktop/Workspace/porter_bot_description/build/porter_bot_description -- -j2 -l2
[0.418s] DEBUG:colcon.colcon_core.event_handler.log_command:Invoking command in '/home/sonny/Desktop/Workspace/porter_bot_description/build/porter_bot_description': CMAKE_PREFIX_PATH=${CMAKE_PREFIX_PATH}:/opt/ros/foxy /usr/bin/cmake --install /home/sonny/Desktop/Workspace/porter_bot_description/build/porter_bot_description
[0.451s] Level 1:colcon.colcon_core.environment:create_environment_scripts_only(porter_bot_description)
[0.455s] Level 1:colcon.colcon_core.environment:checking '/home/sonny/Desktop/Workspace/porter_bot_description/install/porter_bot_description' for CMake module files
[0.457s] DEBUG:colcon.colcon_core.event_handler.log_command:Invoked command in '/home/sonny/Desktop/Workspace/porter_bot_description/build/porter_bot_description' returned '0': CMAKE_PREFIX_PATH=${CMAKE_PREFIX_PATH}:/opt/ros/foxy /usr/bin/cmake --install /home/sonny/Desktop/Workspace/porter_bot_description/build/porter_bot_description
[0.457s] Level 1:colcon.colcon_core.environment:checking '/home/sonny/Desktop/Workspace/porter_bot_description/install/porter_bot_description' for CMake config files
[0.458s] Level 1:colcon.colcon_core.shell:create_environment_hook('porter_bot_description', 'cmake_prefix_path')
[0.458s] INFO:colcon.colcon_core.shell:Creating environment hook '/home/sonny/Desktop/Workspace/porter_bot_description/install/porter_bot_description/share/porter_bot_description/hook/cmake_prefix_path.ps1'
[0.459s] INFO:colcon.colcon_core.shell:Creating environment descriptor '/home/sonny/Desktop/Workspace/porter_bot_description/install/porter_bot_description/share/porter_bot_description/hook/cmake_prefix_path.dsv'
[0.460s] INFO:colcon.colcon_core.shell:Creating environment hook '/home/sonny/Desktop/Workspace/porter_bot_description/install/porter_bot_description/share/porter_bot_description/hook/cmake_prefix_path.sh'
[0.461s] Level 1:colcon.colcon_core.environment:checking '/home/sonny/Desktop/Workspace/porter_bot_description/install/porter_bot_description/bin'
[0.461s] Level 1:colcon.colcon_core.environment:checking '/home/sonny/Desktop/Workspace/porter_bot_description/install/porter_bot_description/lib/pkgconfig/porter_bot_description.pc'
[0.461s] Level 1:colcon.colcon_core.environment:checking '/home/sonny/Desktop/Workspace/porter_bot_description/install/porter_bot_description/lib/python3.8/site-packages'
[0.462s] INFO:colcon.colcon_core.shell:Creating package script '/home/sonny/Desktop/Workspace/porter_bot_description/install/porter_bot_description/share/porter_bot_description/package.ps1'
[0.463s] INFO:colcon.colcon_core.shell:Creating package descriptor '/home/sonny/Desktop/Workspace/porter_bot_description/install/porter_bot_description/share/porter_bot_description/package.dsv'
[0.463s] INFO:colcon.colcon_core.shell:Creating package script '/home/sonny/Desktop/Workspace/porter_bot_description/install/porter_bot_description/share/porter_bot_description/package.sh'
[0.464s] INFO:colcon.colcon_core.shell:Creating package script '/home/sonny/Desktop/Workspace/porter_bot_description/install/porter_bot_description/share/porter_bot_description/package.bash'
[0.465s] INFO:colcon.colcon_core.shell:Creating package script '/home/sonny/Desktop/Workspace/porter_bot_description/install/porter_bot_description/share/porter_bot_description/package.zsh'
[0.465s] Level 1:colcon.colcon_core.environment:create_file_with_runtime_dependencies(/home/sonny/Desktop/Workspace/porter_bot_description/install/porter_bot_description/share/colcon-core/packages/porter_bot_description)
[0.517s] Level 1:colcon.colcon_core.environment:create_environment_scripts_only(porter_bot_description)
[0.518s] Level 1:colcon.colcon_core.environment:checking '/home/sonny/Desktop/Workspace/porter_bot_description/install/porter_bot_description' for CMake module files
[0.519s] Level 1:colcon.colcon_core.environment:checking '/home/sonny/Desktop/Workspace/porter_bot_description/install/porter_bot_description' for CMake config files
[0.519s] Level 1:colcon.colcon_core.shell:create_environment_hook('porter_bot_description', 'cmake_prefix_path')
[0.519s] INFO:colcon.colcon_core.shell:Creating environment hook '/home/sonny/Desktop/Workspace/porter_bot_description/install/porter_bot_description/share/porter_bot_description/hook/cmake_prefix_path.ps1'
[0.521s] INFO:colcon.colcon_core.shell:Creating environment descriptor '/home/sonny/Desktop/Workspace/porter_bot_description/install/porter_bot_description/share/porter_bot_description/hook/cmake_prefix_path.dsv'
[0.521s] INFO:colcon.colcon_core.shell:Creating environment hook '/home/sonny/Desktop/Workspace/porter_bot_description/install/porter_bot_description/share/porter_bot_description/hook/cmake_prefix_path.sh'
[0.523s] Level 1:colcon.colcon_core.environment:checking '/home/sonny/Desktop/Workspace/porter_bot_description/install/porter_bot_description/bin'
[0.523s] Level 1:colcon.colcon_core.environment:checking '/home/sonny/Desktop/Workspace/porter_bot_description/install/porter_bot_description/lib/pkgconfig/porter_bot_description.pc'
[0.523s] Level 1:colcon.colcon_core.environment:checking '/home/sonny/Desktop/Workspace/porter_bot_description/install/porter_bot_description/lib/python3.8/site-packages'
[0.524s] INFO:colcon.colcon_core.shell:Creating package script '/home/sonny/Desktop/Workspace/porter_bot_description/install/porter_bot_description/share/porter_bot_description/package.ps1'
[0.524s] INFO:colcon.colcon_core.shell:Creating package descriptor '/home/sonny/Desktop/Workspace/porter_bot_description/install/porter_bot_description/share/porter_bot_description/package.dsv'
[0.525s] INFO:colcon.colcon_core.shell:Creating package script '/home/sonny/Desktop/Workspace/porter_bot_description/install/porter_bot_description/share/porter_bot_description/package.sh'
[0.526s] INFO:colcon.colcon_core.shell:Creating package script '/home/sonny/Desktop/Workspace/porter_bot_description/install/porter_bot_description/share/porter_bot_description/package.bash'
[0.527s] INFO:colcon.colcon_core.shell:Creating package script '/home/sonny/Desktop/Workspace/porter_bot_description/install/porter_bot_description/share/porter_bot_description/package.zsh'
[0.527s] Level 1:colcon.colcon_core.environment:create_file_with_runtime_dependencies(/home/sonny/Desktop/Workspace/porter_bot_description/install/porter_bot_description/share/colcon-core/packages/porter_bot_description)
[0.528s] DEBUG:colcon.colcon_parallel_executor.executor.parallel:closing loop
[0.529s] DEBUG:colcon.colcon_parallel_executor.executor.parallel:loop closed
[0.529s] DEBUG:colcon.colcon_parallel_executor.executor.parallel:run_until_complete finished with '0'
[0.529s] DEBUG:colcon.colcon_core.event_reactor:joining thread
[0.546s] INFO:colcon.colcon_core.plugin_system:Skipping extension 'colcon_notification.desktop_notification.terminal_notifier': Not used on non-Darwin systems
[0.547s] INFO:colcon.colcon_core.plugin_system:Skipping extension 'colcon_notification.desktop_notification.win32': Not used on non-Windows systems
[0.547s] INFO:colcon.colcon_notification.desktop_notification:Sending desktop notification using 'notify2'
[0.582s] DEBUG:colcon.colcon_core.event_reactor:joined thread
[0.583s] INFO:colcon.colcon_core.shell:Creating prefix script '/home/sonny/Desktop/Workspace/porter_bot_description/install/local_setup.ps1'
[0.584s] INFO:colcon.colcon_core.shell:Creating prefix util module '/home/sonny/Desktop/Workspace/porter_bot_description/install/_local_setup_util_ps1.py'
[0.586s] INFO:colcon.colcon_core.shell:Creating prefix chain script '/home/sonny/Desktop/Workspace/porter_bot_description/install/setup.ps1'
[0.594s] INFO:colcon.colcon_core.shell:Creating prefix script '/home/sonny/Desktop/Workspace/porter_bot_description/install/local_setup.sh'
[0.595s] INFO:colcon.colcon_core.shell:Creating prefix util module '/home/sonny/Desktop/Workspace/porter_bot_description/install/_local_setup_util_sh.py'
[0.597s] INFO:colcon.colcon_core.shell:Creating prefix chain script '/home/sonny/Desktop/Workspace/porter_bot_description/install/setup.sh'
[0.600s] INFO:colcon.colcon_core.shell:Creating prefix script '/home/sonny/Desktop/Workspace/porter_bot_description/install/local_setup.bash'
[0.600s] INFO:colcon.colcon_core.shell:Creating prefix chain script '/home/sonny/Desktop/Workspace/porter_bot_description/install/setup.bash'
[0.607s] INFO:colcon.colcon_core.shell:Creating prefix script '/home/sonny/Desktop/Workspace/porter_bot_description/install/local_setup.zsh'
[0.609s] INFO:colcon.colcon_core.shell:Creating prefix chain script '/home/sonny/Desktop/Workspace/porter_bot_description/install/setup.zsh'
