[0.301s] DEBUG:colcon:Command line arguments: ['/usr/bin/colcon', 'build']
[0.301s] DEBUG:colcon:Parsed command line arguments: Namespace(ament_cmake_args=None, base_paths=['.'], build_base='build', catkin_cmake_args=None, catkin_skip_building_tests=False, cmake_args=None, cmake_clean_cache=False, cmake_clean_first=False, cmake_force_configure=False, cmake_target=None, cmake_target_skip_unavailable=False, continue_on_error=False, event_handlers=None, executor='parallel', ignore_user_meta=False, install_base='install', log_base=None, log_level=None, main=<bound method BuildVerb.main of <colcon_core.verb.build.BuildVerb object at 0x7fae71c80d00>>, merge_install=False, metas=['./colcon.meta'], packages_above=None, packages_above_and_dependencies=None, packages_above_depth=None, packages_end=None, packages_ignore=None, packages_ignore_regex=None, packages_select=None, packages_select_build_failed=False, packages_select_by_dep=None, packages_select_regex=None, packages_select_test_failures=False, packages_skip=None, packages_skip_build_finished=False, packages_skip_by_dep=None, packages_skip_regex=None, packages_skip_test_passed=False, packages_skip_up_to=None, packages_start=None, packages_up_to=None, packages_up_to_regex=None, parallel_workers=2, paths=None, symlink_install=False, test_result_base=None, verb_extension=<colcon_core.verb.build.BuildVerb object at 0x7fae71c80d00>, verb_name='build', verb_parser=<colcon_defaults.argument_parser.defaults.DefaultArgumentsDecorator object at 0x7fae71c0b2b0>)
[0.306s] Level 1:colcon.colcon_core.package_discovery:discover_packages(colcon_meta) check parameters
[0.306s] Level 1:colcon.colcon_core.package_discovery:discover_packages(recursive) check parameters
[0.306s] Level 1:colcon.colcon_core.package_discovery:discover_packages(ignore) check parameters
[0.306s] Level 1:colcon.colcon_core.package_discovery:discover_packages(path) check parameters
[0.306s] Level 1:colcon.colcon_core.package_discovery:discover_packages(colcon_meta) discover
[0.306s] Level 1:colcon.colcon_core.package_discovery:discover_packages(recursive) discover
[0.306s] INFO:colcon.colcon_core.package_discovery:Crawling recursively for packages in '/home/sonny/Desktop/Workspace/porter_bot/porter_bot_description'
[0.307s] Level 1:colcon.colcon_core.package_identification:_identify(.) by extensions ['ignore', 'ignore_ament_install']
[0.307s] Level 1:colcon.colcon_core.package_identification:_identify(.) by extension 'ignore'
[0.307s] Level 1:colcon.colcon_core.package_identification:_identify(.) by extension 'ignore_ament_install'
[0.307s] Level 1:colcon.colcon_core.package_identification:_identify(.) by extensions ['colcon_pkg']
[0.307s] Level 1:colcon.colcon_core.package_identification:_identify(.) by extension 'colcon_pkg'
[0.307s] Level 1:colcon.colcon_core.package_identification:_identify(.) by extensions ['colcon_meta']
[0.307s] Level 1:colcon.colcon_core.package_identification:_identify(.) by extension 'colcon_meta'
[0.307s] Level 1:colcon.colcon_core.package_identification:_identify(.) by extensions ['ros']
[0.307s] Level 1:colcon.colcon_core.package_identification:_identify(.) by extension 'ros'
[0.328s] DEBUG:colcon.colcon_core.package_identification:Package '.' with type 'ros.ament_cmake' and name 'porter_bot_description'
[0.328s] Level 1:colcon.colcon_core.package_discovery:discover_packages(recursive) using defaults
[0.328s] Level 1:colcon.colcon_core.package_discovery:discover_packages(ignore) discover
[0.328s] Level 1:colcon.colcon_core.package_discovery:discover_packages(ignore) using defaults
[0.328s] Level 1:colcon.colcon_core.package_discovery:discover_packages(path) discover
[0.328s] Level 1:colcon.colcon_core.package_discovery:discover_packages(path) using defaults
[0.350s] Level 5:colcon.colcon_core.verb:set package 'porter_bot_description' build argument 'cmake_args' from command line to 'None'
[0.350s] Level 5:colcon.colcon_core.verb:set package 'porter_bot_description' build argument 'cmake_target' from command line to 'None'
[0.350s] Level 5:colcon.colcon_core.verb:set package 'porter_bot_description' build argument 'cmake_target_skip_unavailable' from command line to 'False'
[0.350s] Level 5:colcon.colcon_core.verb:set package 'porter_bot_description' build argument 'cmake_clean_cache' from command line to 'False'
[0.350s] Level 5:colcon.colcon_core.verb:set package 'porter_bot_description' build argument 'cmake_clean_first' from command line to 'False'
[0.350s] Level 5:colcon.colcon_core.verb:set package 'porter_bot_description' build argument 'cmake_force_configure' from command line to 'False'
[0.350s] Level 5:colcon.colcon_core.verb:set package 'porter_bot_description' build argument 'ament_cmake_args' from command line to 'None'
[0.350s] Level 5:colcon.colcon_core.verb:set package 'porter_bot_description' build argument 'catkin_cmake_args' from command line to 'None'
[0.350s] Level 5:colcon.colcon_core.verb:set package 'porter_bot_description' build argument 'catkin_skip_building_tests' from command line to 'False'
[0.350s] DEBUG:colcon.colcon_core.verb:Building package 'porter_bot_description' with the following arguments: {'ament_cmake_args': None, 'build_base': '/home/sonny/Desktop/Workspace/porter_bot/porter_bot_description/build/porter_bot_description', 'catkin_cmake_args': None, 'catkin_skip_building_tests': False, 'cmake_args': None, 'cmake_clean_cache': False, 'cmake_clean_first': False, 'cmake_force_configure': False, 'cmake_target': None, 'cmake_target_skip_unavailable': False, 'install_base': '/home/sonny/Desktop/Workspace/porter_bot/porter_bot_description/install/porter_bot_description', 'merge_install': False, 'path': '/home/sonny/Desktop/Workspace/porter_bot/porter_bot_description', 'symlink_install': False, 'test_result_base': None}
[0.350s] INFO:colcon.colcon_core.executor:Executing jobs using 'parallel' executor
[0.352s] DEBUG:colcon.colcon_parallel_executor.executor.parallel:run_until_complete
[0.352s] INFO:colcon.colcon_ros.task.ament_cmake.build:Building ROS package in '/home/sonny/Desktop/Workspace/porter_bot/porter_bot_description' with build type 'ament_cmake'
[0.352s] INFO:colcon.colcon_cmake.task.cmake.build:Building CMake package in '/home/sonny/Desktop/Workspace/porter_bot/porter_bot_description'
[0.355s] INFO:colcon.colcon_core.plugin_system:Skipping extension 'colcon_core.shell.bat': Not used on non-Windows systems
[0.356s] INFO:colcon.colcon_core.shell:Skip shell extension 'powershell' for command environment: Not usable outside of PowerShell
[0.356s] DEBUG:colcon.colcon_core.shell:Skip shell extension 'dsv' for command environment
[0.357s] DEBUG:colcon.colcon_core.shell:Ignoring prefix path '/opt/ros/foxy'
[0.366s] DEBUG:colcon.colcon_core.event_handler.log_command:Invoking command in '/home/sonny/Desktop/Workspace/porter_bot/porter_bot_description/build/porter_bot_description': CMAKE_PREFIX_PATH=/opt/ros/foxy /usr/bin/cmake /home/sonny/Desktop/Workspace/porter_bot/porter_bot_description -DCMAKE_INSTALL_PREFIX=/home/sonny/Desktop/Workspace/porter_bot/porter_bot_description/install/porter_bot_description
[1.823s] DEBUG:colcon.colcon_core.event_handler.log_command:Invoked command in '/home/sonny/Desktop/Workspace/porter_bot/porter_bot_description/build/porter_bot_description' returned '0': CMAKE_PREFIX_PATH=/opt/ros/foxy /usr/bin/cmake /home/sonny/Desktop/Workspace/porter_bot/porter_bot_description -DCMAKE_INSTALL_PREFIX=/home/sonny/Desktop/Workspace/porter_bot/porter_bot_description/install/porter_bot_description
[1.824s] DEBUG:colcon.colcon_core.event_handler.log_command:Invoking command in '/home/sonny/Desktop/Workspace/porter_bot/porter_bot_description/build/porter_bot_description': CMAKE_PREFIX_PATH=/opt/ros/foxy /usr/bin/cmake --build /home/sonny/Desktop/Workspace/porter_bot/porter_bot_description/build/porter_bot_description -- -j2 -l2
[1.883s] DEBUG:colcon.colcon_core.event_handler.log_command:Invoked command in '/home/sonny/Desktop/Workspace/porter_bot/porter_bot_description/build/porter_bot_description' returned '0': CMAKE_PREFIX_PATH=/opt/ros/foxy /usr/bin/cmake --build /home/sonny/Desktop/Workspace/porter_bot/porter_bot_description/build/porter_bot_description -- -j2 -l2
[1.908s] DEBUG:colcon.colcon_core.event_handler.log_command:Invoking command in '/home/sonny/Desktop/Workspace/porter_bot/porter_bot_description/build/porter_bot_description': CMAKE_PREFIX_PATH=/opt/ros/foxy /usr/bin/cmake --install /home/sonny/Desktop/Workspace/porter_bot/porter_bot_description/build/porter_bot_description
[1.923s] Level 1:colcon.colcon_core.environment:create_environment_scripts_only(porter_bot_description)
[1.926s] Level 1:colcon.colcon_core.environment:checking '/home/sonny/Desktop/Workspace/porter_bot/porter_bot_description/install/porter_bot_description' for CMake module files
[1.927s] Level 1:colcon.colcon_core.environment:checking '/home/sonny/Desktop/Workspace/porter_bot/porter_bot_description/install/porter_bot_description' for CMake config files
[1.927s] Level 1:colcon.colcon_core.shell:create_environment_hook('porter_bot_description', 'cmake_prefix_path')
[1.928s] INFO:colcon.colcon_core.shell:Creating environment hook '/home/sonny/Desktop/Workspace/porter_bot/porter_bot_description/install/porter_bot_description/share/porter_bot_description/hook/cmake_prefix_path.ps1'
[1.929s] INFO:colcon.colcon_core.shell:Creating environment descriptor '/home/sonny/Desktop/Workspace/porter_bot/porter_bot_description/install/porter_bot_description/share/porter_bot_description/hook/cmake_prefix_path.dsv'
[1.930s] INFO:colcon.colcon_core.shell:Creating environment hook '/home/sonny/Desktop/Workspace/porter_bot/porter_bot_description/install/porter_bot_description/share/porter_bot_description/hook/cmake_prefix_path.sh'
[1.932s] Level 1:colcon.colcon_core.environment:checking '/home/sonny/Desktop/Workspace/porter_bot/porter_bot_description/install/porter_bot_description/bin'
[1.932s] Level 1:colcon.colcon_core.environment:checking '/home/sonny/Desktop/Workspace/porter_bot/porter_bot_description/install/porter_bot_description/lib/pkgconfig/porter_bot_description.pc'
[1.932s] Level 1:colcon.colcon_core.environment:checking '/home/sonny/Desktop/Workspace/porter_bot/porter_bot_description/install/porter_bot_description/lib/python3.8/site-packages'
[1.932s] INFO:colcon.colcon_core.shell:Creating package script '/home/sonny/Desktop/Workspace/porter_bot/porter_bot_description/install/porter_bot_description/share/porter_bot_description/package.ps1'
[1.933s] INFO:colcon.colcon_core.shell:Creating package descriptor '/home/sonny/Desktop/Workspace/porter_bot/porter_bot_description/install/porter_bot_description/share/porter_bot_description/package.dsv'
[1.934s] INFO:colcon.colcon_core.shell:Creating package script '/home/sonny/Desktop/Workspace/porter_bot/porter_bot_description/install/porter_bot_description/share/porter_bot_description/package.sh'
[1.936s] DEBUG:colcon.colcon_core.event_handler.log_command:Invoked command in '/home/sonny/Desktop/Workspace/porter_bot/porter_bot_description/build/porter_bot_description' returned '0': CMAKE_PREFIX_PATH=/opt/ros/foxy /usr/bin/cmake --install /home/sonny/Desktop/Workspace/porter_bot/porter_bot_description/build/porter_bot_description
[1.937s] INFO:colcon.colcon_core.shell:Creating package script '/home/sonny/Desktop/Workspace/porter_bot/porter_bot_description/install/porter_bot_description/share/porter_bot_description/package.bash'
[1.938s] INFO:colcon.colcon_core.shell:Creating package script '/home/sonny/Desktop/Workspace/porter_bot/porter_bot_description/install/porter_bot_description/share/porter_bot_description/package.zsh'
[1.939s] Level 1:colcon.colcon_core.environment:create_file_with_runtime_dependencies(/home/sonny/Desktop/Workspace/porter_bot/porter_bot_description/install/porter_bot_description/share/colcon-core/packages/porter_bot_description)
[1.970s] Level 1:colcon.colcon_core.environment:create_environment_scripts_only(porter_bot_description)
[1.970s] Level 1:colcon.colcon_core.environment:checking '/home/sonny/Desktop/Workspace/porter_bot/porter_bot_description/install/porter_bot_description' for CMake module files
[1.971s] Level 1:colcon.colcon_core.environment:checking '/home/sonny/Desktop/Workspace/porter_bot/porter_bot_description/install/porter_bot_description' for CMake config files
[1.971s] Level 1:colcon.colcon_core.shell:create_environment_hook('porter_bot_description', 'cmake_prefix_path')
[1.972s] INFO:colcon.colcon_core.shell:Creating environment hook '/home/sonny/Desktop/Workspace/porter_bot/porter_bot_description/install/porter_bot_description/share/porter_bot_description/hook/cmake_prefix_path.ps1'
[1.972s] INFO:colcon.colcon_core.shell:Creating environment descriptor '/home/sonny/Desktop/Workspace/porter_bot/porter_bot_description/install/porter_bot_description/share/porter_bot_description/hook/cmake_prefix_path.dsv'
[1.973s] INFO:colcon.colcon_core.shell:Creating environment hook '/home/sonny/Desktop/Workspace/porter_bot/porter_bot_description/install/porter_bot_description/share/porter_bot_description/hook/cmake_prefix_path.sh'
[1.974s] Level 1:colcon.colcon_core.environment:checking '/home/sonny/Desktop/Workspace/porter_bot/porter_bot_description/install/porter_bot_description/bin'
[1.974s] Level 1:colcon.colcon_core.environment:checking '/home/sonny/Desktop/Workspace/porter_bot/porter_bot_description/install/porter_bot_description/lib/pkgconfig/porter_bot_description.pc'
[1.974s] Level 1:colcon.colcon_core.environment:checking '/home/sonny/Desktop/Workspace/porter_bot/porter_bot_description/install/porter_bot_description/lib/python3.8/site-packages'
[1.974s] INFO:colcon.colcon_core.shell:Creating package script '/home/sonny/Desktop/Workspace/porter_bot/porter_bot_description/install/porter_bot_description/share/porter_bot_description/package.ps1'
[1.975s] INFO:colcon.colcon_core.shell:Creating package descriptor '/home/sonny/Desktop/Workspace/porter_bot/porter_bot_description/install/porter_bot_description/share/porter_bot_description/package.dsv'
[1.975s] INFO:colcon.colcon_core.shell:Creating package script '/home/sonny/Desktop/Workspace/porter_bot/porter_bot_description/install/porter_bot_description/share/porter_bot_description/package.sh'
[1.976s] INFO:colcon.colcon_core.shell:Creating package script '/home/sonny/Desktop/Workspace/porter_bot/porter_bot_description/install/porter_bot_description/share/porter_bot_description/package.bash'
[1.976s] INFO:colcon.colcon_core.shell:Creating package script '/home/sonny/Desktop/Workspace/porter_bot/porter_bot_description/install/porter_bot_description/share/porter_bot_description/package.zsh'
[1.977s] Level 1:colcon.colcon_core.environment:create_file_with_runtime_dependencies(/home/sonny/Desktop/Workspace/porter_bot/porter_bot_description/install/porter_bot_description/share/colcon-core/packages/porter_bot_description)
[1.977s] DEBUG:colcon.colcon_parallel_executor.executor.parallel:closing loop
[1.978s] DEBUG:colcon.colcon_parallel_executor.executor.parallel:loop closed
[1.978s] DEBUG:colcon.colcon_parallel_executor.executor.parallel:run_until_complete finished with '0'
[1.978s] DEBUG:colcon.colcon_core.event_reactor:joining thread
[1.983s] INFO:colcon.colcon_core.plugin_system:Skipping extension 'colcon_notification.desktop_notification.terminal_notifier': Not used on non-Darwin systems
[1.983s] INFO:colcon.colcon_core.plugin_system:Skipping extension 'colcon_notification.desktop_notification.win32': Not used on non-Windows systems
[1.983s] INFO:colcon.colcon_notification.desktop_notification:Sending desktop notification using 'notify2'
[2.007s] DEBUG:colcon.colcon_core.event_reactor:joined thread
[2.007s] INFO:colcon.colcon_core.shell:Creating prefix script '/home/sonny/Desktop/Workspace/porter_bot/porter_bot_description/install/local_setup.ps1'
[2.008s] INFO:colcon.colcon_core.shell:Creating prefix util module '/home/sonny/Desktop/Workspace/porter_bot/porter_bot_description/install/_local_setup_util_ps1.py'
[2.009s] INFO:colcon.colcon_core.shell:Creating prefix chain script '/home/sonny/Desktop/Workspace/porter_bot/porter_bot_description/install/setup.ps1'
[2.011s] INFO:colcon.colcon_core.shell:Creating prefix script '/home/sonny/Desktop/Workspace/porter_bot/porter_bot_description/install/local_setup.sh'
[2.011s] INFO:colcon.colcon_core.shell:Creating prefix util module '/home/sonny/Desktop/Workspace/porter_bot/porter_bot_description/install/_local_setup_util_sh.py'
[2.012s] INFO:colcon.colcon_core.shell:Creating prefix chain script '/home/sonny/Desktop/Workspace/porter_bot/porter_bot_description/install/setup.sh'
[2.014s] INFO:colcon.colcon_core.shell:Creating prefix script '/home/sonny/Desktop/Workspace/porter_bot/porter_bot_description/install/local_setup.bash'
[2.015s] INFO:colcon.colcon_core.shell:Creating prefix chain script '/home/sonny/Desktop/Workspace/porter_bot/porter_bot_description/install/setup.bash'
[2.024s] INFO:colcon.colcon_core.shell:Creating prefix script '/home/sonny/Desktop/Workspace/porter_bot/porter_bot_description/install/local_setup.zsh'
[2.024s] INFO:colcon.colcon_core.shell:Creating prefix chain script '/home/sonny/Desktop/Workspace/porter_bot/porter_bot_description/install/setup.zsh'
