[0.012s] Invoking command in '/home/sonny/Desktop/Workspace/porter_bot/porter_bot_description/build/porter_bot_description': CMAKE_PREFIX_PATH=/opt/ros/foxy /usr/bin/cmake /home/sonny/Desktop/Workspace/porter_bot/porter_bot_description -DCMAKE_INSTALL_PREFIX=/home/sonny/Desktop/Workspace/porter_bot/porter_bot_description/install/porter_bot_description
[0.362s] -- The C compiler identification is GNU 9.3.0
[0.605s] -- The CXX compiler identification is GNU 9.3.0
[0.614s] -- Check for working C compiler: /usr/bin/cc
[0.674s] -- Check for working C compiler: /usr/bin/cc -- works
[0.677s] -- Detecting C compiler ABI info
[0.755s] -- Detecting C compiler ABI info - done
[0.769s] -- Detecting C compile features
[0.770s] -- Detecting C compile features - done
[0.773s] -- Check for working CXX compiler: /usr/bin/c++
[0.868s] -- Check for working CXX compiler: /usr/bin/c++ -- works
[0.869s] -- Detecting CXX compiler ABI info
[1.014s] -- Detecting CXX compiler ABI info - done
[1.027s] -- Detecting CXX compile features
[1.027s] -- Detecting CXX compile features - done
[1.031s] -- Found ament_cmake: 0.9.9 (/opt/ros/foxy/share/ament_cmake/cmake)
[1.084s] -- Found PythonInterp: /usr/bin/python3 (found suitable version "3.8.10", minimum required is "3") 
[1.085s] -- Using PYTHON_EXECUTABLE: /usr/bin/python3
[1.312s] -- Found ament_lint_auto: 0.9.6 (/opt/ros/foxy/share/ament_lint_auto/cmake)
[1.393s] -- Added test 'copyright' to check source files copyright and LICENSE
[1.408s] -- Added test 'cppcheck' to perform static code analysis on C / C++ code
[1.409s] -- Configured cppcheck include dirs: 
[1.409s] -- Configured cppcheck exclude dirs and/or files: 
[1.425s] -- Added test 'cpplint' to check C / C++ code against the Google style
[1.426s] -- Configured cpplint exclude dirs and/or files: 
[1.428s] -- Added test 'flake8' to check Python code syntax and style conventions
[1.434s] -- Added test 'lint_cmake' to check CMake code style
[1.436s] -- Added test 'pep257' to check Python code against some of the style conventions in PEP 257
[1.453s] -- Added test 'uncrustify' to check C / C++ code style
[1.453s] -- Configured uncrustify additional arguments: 
[1.456s] -- Added test 'xmllint' to check XML markup files
[1.460s] -- Configuring done
[1.463s] -- Generating done
[1.464s] -- Build files have been written to: /home/sonny/Desktop/Workspace/porter_bot/porter_bot_description/build/porter_bot_description
[1.469s] Invoked command in '/home/sonny/Desktop/Workspace/porter_bot/porter_bot_description/build/porter_bot_description' returned '0': CMAKE_PREFIX_PATH=/opt/ros/foxy /usr/bin/cmake /home/sonny/Desktop/Workspace/porter_bot/porter_bot_description -DCMAKE_INSTALL_PREFIX=/home/sonny/Desktop/Workspace/porter_bot/porter_bot_description/install/porter_bot_description
[1.470s] Invoking command in '/home/sonny/Desktop/Workspace/porter_bot/porter_bot_description/build/porter_bot_description': CMAKE_PREFIX_PATH=/opt/ros/foxy /usr/bin/cmake --build /home/sonny/Desktop/Workspace/porter_bot/porter_bot_description/build/porter_bot_description -- -j2 -l2
[1.529s] Invoked command in '/home/sonny/Desktop/Workspace/porter_bot/porter_bot_description/build/porter_bot_description' returned '0': CMAKE_PREFIX_PATH=/opt/ros/foxy /usr/bin/cmake --build /home/sonny/Desktop/Workspace/porter_bot/porter_bot_description/build/porter_bot_description -- -j2 -l2
[1.554s] Invoking command in '/home/sonny/Desktop/Workspace/porter_bot/porter_bot_description/build/porter_bot_description': CMAKE_PREFIX_PATH=/opt/ros/foxy /usr/bin/cmake --install /home/sonny/Desktop/Workspace/porter_bot/porter_bot_description/build/porter_bot_description
[1.564s] -- Install configuration: ""
[1.564s] -- Up-to-date: /home/sonny/Desktop/Workspace/porter_bot/porter_bot_description/install/porter_bot_description/share/porter_bot_description/src
[1.565s] -- Up-to-date: /home/sonny/Desktop/Workspace/porter_bot/porter_bot_description/install/porter_bot_description/share/porter_bot_description/src/description
[1.565s] -- Up-to-date: /home/sonny/Desktop/Workspace/porter_bot/porter_bot_description/install/porter_bot_description/share/porter_bot_description/src/description/porter_bot_description.urdf
[1.565s] -- Up-to-date: /home/sonny/Desktop/Workspace/porter_bot/porter_bot_description/install/porter_bot_description/share/porter_bot_description/src/description/porter_bot_description.urdf~
[1.565s] -- Up-to-date: /home/sonny/Desktop/Workspace/porter_bot/porter_bot_description/install/porter_bot_description/share/porter_bot_description/src/description/porter_bot_description.urdf.sample.gazebo
[1.566s] -- Up-to-date: /home/sonny/Desktop/Workspace/porter_bot/porter_bot_description/install/porter_bot_description/share/porter_bot_description/launch
[1.566s] -- Up-to-date: /home/sonny/Desktop/Workspace/porter_bot/porter_bot_description/install/porter_bot_description/share/porter_bot_description/launch/build
[1.566s] -- Up-to-date: /home/sonny/Desktop/Workspace/porter_bot/porter_bot_description/install/porter_bot_description/share/porter_bot_description/launch/build/.built_by
[1.566s] -- Up-to-date: /home/sonny/Desktop/Workspace/porter_bot/porter_bot_description/install/porter_bot_description/share/porter_bot_description/launch/build/COLCON_IGNORE
[1.567s] -- Up-to-date: /home/sonny/Desktop/Workspace/porter_bot/porter_bot_description/install/porter_bot_description/share/porter_bot_description/launch/display.launch.py
[1.567s] -- Up-to-date: /home/sonny/Desktop/Workspace/porter_bot/porter_bot_description/install/porter_bot_description/share/porter_bot_description/launch/display.launch.py~
[1.567s] -- Up-to-date: /home/sonny/Desktop/Workspace/porter_bot/porter_bot_description/install/porter_bot_description/share/porter_bot_description/launch/log
[1.581s] -- Up-to-date: /home/sonny/Desktop/Workspace/porter_bot/porter_bot_description/install/porter_bot_description/share/porter_bot_description/launch/log/COLCON_IGNORE
[1.581s] -- Up-to-date: /home/sonny/Desktop/Workspace/porter_bot/porter_bot_description/install/porter_bot_description/share/porter_bot_description/launch/log/build_2021-09-30_13-51-00
[1.581s] -- Up-to-date: /home/sonny/Desktop/Workspace/porter_bot/porter_bot_description/install/porter_bot_description/share/porter_bot_description/launch/log/build_2021-09-30_13-51-00/logger_all.log
[1.581s] -- Up-to-date: /home/sonny/Desktop/Workspace/porter_bot/porter_bot_description/install/porter_bot_description/share/porter_bot_description/launch/log/build_2021-09-30_13-51-00/events.log
[1.581s] -- Up-to-date: /home/sonny/Desktop/Workspace/porter_bot/porter_bot_description/install/porter_bot_description/share/porter_bot_description/launch/log/latest
[1.581s] -- Up-to-date: /home/sonny/Desktop/Workspace/porter_bot/porter_bot_description/install/porter_bot_description/share/porter_bot_description/launch/log/latest_build
[1.581s] -- Up-to-date: /home/sonny/Desktop/Workspace/porter_bot/porter_bot_description/install/porter_bot_description/share/porter_bot_description/launch/install
[1.581s] -- Up-to-date: /home/sonny/Desktop/Workspace/porter_bot/porter_bot_description/install/porter_bot_description/share/porter_bot_description/launch/install/COLCON_IGNORE
[1.581s] -- Up-to-date: /home/sonny/Desktop/Workspace/porter_bot/porter_bot_description/install/porter_bot_description/share/porter_bot_description/launch/install/setup.ps1
[1.581s] -- Up-to-date: /home/sonny/Desktop/Workspace/porter_bot/porter_bot_description/install/porter_bot_description/share/porter_bot_description/launch/install/local_setup.bash
[1.581s] -- Up-to-date: /home/sonny/Desktop/Workspace/porter_bot/porter_bot_description/install/porter_bot_description/share/porter_bot_description/launch/install/_local_setup_util_sh.py
[1.581s] -- Up-to-date: /home/sonny/Desktop/Workspace/porter_bot/porter_bot_description/install/porter_bot_description/share/porter_bot_description/launch/install/.colcon_install_layout
[1.581s] -- Up-to-date: /home/sonny/Desktop/Workspace/porter_bot/porter_bot_description/install/porter_bot_description/share/porter_bot_description/launch/install/setup.zsh
[1.582s] -- Up-to-date: /home/sonny/Desktop/Workspace/porter_bot/porter_bot_description/install/porter_bot_description/share/porter_bot_description/launch/install/local_setup.sh
[1.582s] -- Up-to-date: /home/sonny/Desktop/Workspace/porter_bot/porter_bot_description/install/porter_bot_description/share/porter_bot_description/launch/install/local_setup.ps1
[1.582s] -- Up-to-date: /home/sonny/Desktop/Workspace/porter_bot/porter_bot_description/install/porter_bot_description/share/porter_bot_description/launch/install/local_setup.zsh
[1.582s] -- Up-to-date: /home/sonny/Desktop/Workspace/porter_bot/porter_bot_description/install/porter_bot_description/share/porter_bot_description/launch/install/_local_setup_util_ps1.py
[1.582s] -- Up-to-date: /home/sonny/Desktop/Workspace/porter_bot/porter_bot_description/install/porter_bot_description/share/porter_bot_description/launch/install/setup.sh
[1.582s] -- Up-to-date: /home/sonny/Desktop/Workspace/porter_bot/porter_bot_description/install/porter_bot_description/share/porter_bot_description/launch/install/setup.bash
[1.582s] -- Up-to-date: /home/sonny/Desktop/Workspace/porter_bot/porter_bot_description/install/porter_bot_description/share/porter_bot_description/rviz
[1.582s] -- Up-to-date: /home/sonny/Desktop/Workspace/porter_bot/porter_bot_description/install/porter_bot_description/share/porter_bot_description/rviz/urdf_config.rviz
[1.582s] -- Installing: /home/sonny/Desktop/Workspace/porter_bot/porter_bot_description/install/porter_bot_description/share/ament_index/resource_index/package_run_dependencies/porter_bot_description
[1.582s] -- Installing: /home/sonny/Desktop/Workspace/porter_bot/porter_bot_description/install/porter_bot_description/share/ament_index/resource_index/parent_prefix_path/porter_bot_description
[1.582s] -- Up-to-date: /home/sonny/Desktop/Workspace/porter_bot/porter_bot_description/install/porter_bot_description/share/porter_bot_description/environment/ament_prefix_path.sh
[1.582s] -- Installing: /home/sonny/Desktop/Workspace/porter_bot/porter_bot_description/install/porter_bot_description/share/porter_bot_description/environment/ament_prefix_path.dsv
[1.582s] -- Up-to-date: /home/sonny/Desktop/Workspace/porter_bot/porter_bot_description/install/porter_bot_description/share/porter_bot_description/environment/path.sh
[1.582s] -- Installing: /home/sonny/Desktop/Workspace/porter_bot/porter_bot_description/install/porter_bot_description/share/porter_bot_description/environment/path.dsv
[1.582s] -- Installing: /home/sonny/Desktop/Workspace/porter_bot/porter_bot_description/install/porter_bot_description/share/porter_bot_description/local_setup.bash
[1.582s] -- Installing: /home/sonny/Desktop/Workspace/porter_bot/porter_bot_description/install/porter_bot_description/share/porter_bot_description/local_setup.sh
[1.582s] -- Installing: /home/sonny/Desktop/Workspace/porter_bot/porter_bot_description/install/porter_bot_description/share/porter_bot_description/local_setup.zsh
[1.583s] -- Installing: /home/sonny/Desktop/Workspace/porter_bot/porter_bot_description/install/porter_bot_description/share/porter_bot_description/local_setup.dsv
[1.583s] -- Installing: /home/sonny/Desktop/Workspace/porter_bot/porter_bot_description/install/porter_bot_description/share/porter_bot_description/package.dsv
[1.583s] -- Installing: /home/sonny/Desktop/Workspace/porter_bot/porter_bot_description/install/porter_bot_description/share/ament_index/resource_index/packages/porter_bot_description
[1.583s] -- Installing: /home/sonny/Desktop/Workspace/porter_bot/porter_bot_description/install/porter_bot_description/share/porter_bot_description/cmake/porter_bot_descriptionConfig.cmake
[1.583s] -- Installing: /home/sonny/Desktop/Workspace/porter_bot/porter_bot_description/install/porter_bot_description/share/porter_bot_description/cmake/porter_bot_descriptionConfig-version.cmake
[1.583s] -- Up-to-date: /home/sonny/Desktop/Workspace/porter_bot/porter_bot_description/install/porter_bot_description/share/porter_bot_description/package.xml
[1.583s] Invoked command in '/home/sonny/Desktop/Workspace/porter_bot/porter_bot_description/build/porter_bot_description' returned '0': CMAKE_PREFIX_PATH=/opt/ros/foxy /usr/bin/cmake --install /home/sonny/Desktop/Workspace/porter_bot/porter_bot_description/build/porter_bot_description
